# JRE version: OpenJDK Runtime Environment (15.0.2+7) (build 15.0.2+7-27)
# Java VM: OpenJDK 64-Bit Server VM (15.0.2+7-27, mixed mode, sharing, tiered, compressed oops, g1 gc, windows-amd64)
GC Precious Log:
 CPUs: 2 total, 2 available
 Memory: 7637M
 Large Page Support: Disabled
 NUMA Support: Disabled
 Compressed Oops: Enabled (32-bit)
 Heap Region Size: 1M
 Heap Min Capacity: 8M
 Heap Initial Capacity: 120M
 Heap Max Capacity: 1910M
 Pre-touch: Disabled
 Parallel Workers: 2
 Concurrent Workers: 1
 Concurrent Refinement Workers: 2
 Periodic GC: Disabled
Heap:
 garbage-first heap   total 61440K, used 25421K [0x0000000088a00000, 0x0000000100000000)
  region size 1024K, 2 young (2048K), 2 survivors (2048K)
 Metaspace       used 42757K, capacity 43325K, committed 43512K, reserved 1095680K
  class space    used 5646K, capacity 5853K, committed 5964K, reserved 1048576K
GC Heap History (20 events):
Event: 12.205 GC heap before
{Heap before GC invocations=6 (full 0):
 garbage-first heap   total 122880K, used 34481K [0x0000000088a00000, 0x0000000100000000)
  region size 1024K, 29 young (29696K), 6 survivors (6144K)
 Metaspace       used 20813K, capacity 21179K, committed 21248K, reserved 1067008K
  class space    used 2716K, capacity 2797K, committed 2816K, reserved 1048576K
}
Event: 12.233 GC heap after
{Heap after GC invocations=7 (full 0):
 garbage-first heap   total 122880K, used 13392K [0x0000000088a00000, 0x0000000100000000)
  region size 1024K, 6 young (6144K), 6 survivors (6144K)
 Metaspace       used 20813K, capacity 21179K, committed 21248K, reserved 1067008K
  class space    used 2716K, capacity 2797K, committed 2816K, reserved 1048576K
}
Event: 14.685 GC heap before
{Heap before GC invocations=8 (full 0):
 garbage-first heap   total 51200K, used 37968K [0x0000000088a00000, 0x0000000100000000)
  region size 1024K, 30 young (30720K), 6 survivors (6144K)
 Metaspace       used 23271K, capacity 23713K, committed 23936K, reserved 1071104K
  class space    used 3049K, capacity 3192K, committed 3200K, reserved 1048576K
}
Event: 14.714 GC heap after
{Heap after GC invocations=9 (full 0):
 garbage-first heap   total 61440K, used 14643K [0x0000000088a00000, 0x0000000100000000)
  region size 1024K, 3 young (3072K), 3 survivors (3072K)
 Metaspace       used 23271K, capacity 23713K, committed 23936K, reserved 1071104K
  class space    used 3049K, capacity 3192K, committed 3200K, reserved 1048576K
}
Event: 16.433 GC heap before
{Heap before GC invocations=9 (full 0):
 garbage-first heap   total 61440K, used 46387K [0x0000000088a00000, 0x0000000100000000)
  region size 1024K, 35 young (35840K), 3 survivors (3072K)
 Metaspace       used 26802K, capacity 27279K, committed 27520K, reserved 1073152K
  class space    used 3527K, capacity 3690K, committed 3712K, reserved 1048576K
}
Event: 16.457 GC heap after
{Heap after GC invocations=10 (full 0):
 garbage-first heap   total 61440K, used 20222K [0x0000000088a00000, 0x0000000100000000)
  region size 1024K, 5 young (5120K), 5 survivors (5120K)
 Metaspace       used 26802K, capacity 27279K, committed 27520K, reserved 1073152K
  class space    used 3527K, capacity 3690K, committed 3712K, reserved 1048576K
}
Event: 16.471 GC heap before
{Heap before GC invocations=10 (full 0):
 garbage-first heap   total 61440K, used 44798K [0x0000000088a00000, 0x0000000100000000)
  region size 1024K, 30 young (30720K), 5 survivors (5120K)
 Metaspace       used 26802K, capacity 27279K, committed 27520K, reserved 1073152K
  class space    used 3527K, capacity 3690K, committed 3712K, reserved 1048576K
}
Event: 16.485 GC heap after
{Heap after GC invocations=11 (full 0):
 garbage-first heap   total 61440K, used 20568K [0x0000000088a00000, 0x0000000100000000)
  region size 1024K, 1 young (1024K), 1 survivors (1024K)
 Metaspace       used 26802K, capacity 27279K, committed 27520K, reserved 1073152K
  class space    used 3527K, capacity 3690K, committed 3712K, reserved 1048576K
}
Event: 16.842 GC heap before
{Heap before GC invocations=11 (full 0):
 garbage-first heap   total 61440K, used 45144K [0x0000000088a00000, 0x0000000100000000)
  region size 1024K, 26 young (26624K), 1 survivors (1024K)
 Metaspace       used 27525K, capacity 28091K, committed 28160K, reserved 1073152K
  class space    used 3595K, capacity 3788K, committed 3840K, reserved 1048576K
}
Event: 16.849 GC heap after
{Heap after GC invocations=12 (full 0):
 garbage-first heap   total 61440K, used 21403K [0x0000000088a00000, 0x0000000100000000)
  region size 1024K, 1 young (1024K), 1 survivors (1024K)
 Metaspace       used 27525K, capacity 28091K, committed 28160K, reserved 1073152K
  class space    used 3595K, capacity 3788K, committed 3840K, reserved 1048576K
}
Event: 17.037 GC heap before
{Heap before GC invocations=12 (full 0):
 garbage-first heap   total 61440K, used 47003K [0x0000000088a00000, 0x0000000100000000)
  region size 1024K, 27 young (27648K), 1 survivors (1024K)
 Metaspace       used 27741K, capacity 28283K, committed 28416K, reserved 1073152K
  class space    used 3613K, capacity 3788K, committed 3840K, reserved 1048576K
}
Event: 17.042 GC heap after
{Heap after GC invocations=13 (full 0):
 garbage-first heap   total 61440K, used 21374K [0x0000000088a00000, 0x0000000100000000)
  region size 1024K, 1 young (1024K), 1 survivors (1024K)
 Metaspace       used 27741K, capacity 28283K, committed 28416K, reserved 1073152K
  class space    used 3613K, capacity 3788K, committed 3840K, reserved 1048576K
}
Event: 18.886 GC heap before
{Heap before GC invocations=13 (full 0):
 garbage-first heap   total 61440K, used 47998K [0x0000000088a00000, 0x0000000100000000)
  region size 1024K, 28 young (28672K), 1 survivors (1024K)
 Metaspace       used 32836K, capacity 33346K, committed 33536K, reserved 1079296K
  class space    used 4152K, capacity 4343K, committed 4352K, reserved 1048576K
}
Event: 18.897 GC heap after
{Heap after GC invocations=14 (full 0):
 garbage-first heap   total 61440K, used 23328K [0x0000000088a00000, 0x0000000100000000)
  region size 1024K, 3 young (3072K), 3 survivors (3072K)
 Metaspace       used 32836K, capacity 33346K, committed 33536K, reserved 1079296K
  class space    used 4152K, capacity 4343K, committed 4352K, reserved 1048576K
}
Event: 19.647 GC heap before
{Heap before GC invocations=14 (full 0):
 garbage-first heap   total 61440K, used 33568K [0x0000000088a00000, 0x0000000100000000)
  region size 1024K, 14 young (14336K), 3 survivors (3072K)
 Metaspace       used 35000K, capacity 35496K, committed 35628K, reserved 1081344K
  class space    used 4522K, capacity 4696K, committed 4736K, reserved 1048576K
}
Event: 19.659 GC heap after
{Heap after GC invocations=15 (full 0):
 garbage-first heap   total 61440K, used 23854K [0x0000000088a00000, 0x0000000100000000)
  region size 1024K, 3 young (3072K), 3 survivors (3072K)
 Metaspace       used 35000K, capacity 35496K, committed 35628K, reserved 1081344K
  class space    used 4522K, capacity 4696K, committed 4736K, reserved 1048576K
}
Event: 21.295 GC heap before
{Heap before GC invocations=16 (full 0):
 garbage-first heap   total 61440K, used 47406K [0x0000000088a00000, 0x0000000100000000)
  region size 1024K, 27 young (27648K), 3 survivors (3072K)
 Metaspace       used 40155K, capacity 40686K, committed 40952K, reserved 1085440K
  class space    used 5208K, capacity 5401K, committed 5452K, reserved 1048576K
}
Event: 21.309 GC heap after
{Heap after GC invocations=17 (full 0):
 garbage-first heap   total 61440K, used 24954K [0x0000000088a00000, 0x0000000100000000)
  region size 1024K, 2 young (2048K), 2 survivors (2048K)
 Metaspace       used 40155K, capacity 40686K, committed 40952K, reserved 1085440K
  class space    used 5208K, capacity 5401K, committed 5452K, reserved 1048576K
}
Event: 22.234 GC heap before
{Heap before GC invocations=17 (full 0):
 garbage-first heap   total 61440K, used 38266K [0x0000000088a00000, 0x0000000100000000)
  region size 1024K, 16 young (16384K), 2 survivors (2048K)
 Metaspace       used 42757K, capacity 43325K, committed 43512K, reserved 1093632K
  class space    used 5646K, capacity 5853K, committed 5964K, reserved 1048576K
}
Event: 22.246 GC heap after
{Heap after GC invocations=18 (full 0):
 garbage-first heap   total 61440K, used 25421K [0x0000000088a00000, 0x0000000100000000)
  region size 1024K, 2 young (2048K), 2 survivors (2048K)
 Metaspace       used 42757K, capacity 43325K, committed 43512K, reserved 1093632K
  class space    used 5646K, capacity 5853K, committed 5964K, reserved 1048576K
}

